CRITICAL - 2022-06-02 01:58:03 --> Call to undefined function set_value()
#0 D:\Program Files\xampp\htdocs\mainEChannel\system\View\View.php(210): include()
#1 D:\Program Files\xampp\htdocs\mainEChannel\system\View\View.php(213): CodeIgniter\View\View->CodeIgniter\View\{closure}()
#2 D:\Program Files\xampp\htdocs\mainEChannel\system\Common.php(1089): CodeIgniter\View\View->render('Practitoner/pra...', Array, true)
#3 D:\Program Files\xampp\htdocs\mainEChannel\app\Controllers\Dashboard.php(11): view('Practitoner/pra...')
#4 D:\Program Files\xampp\htdocs\mainEChannel\system\CodeIgniter.php(832): App\Controllers\Dashboard->prac()
#5 D:\Program Files\xampp\htdocs\mainEChannel\system\CodeIgniter.php(419): CodeIgniter\CodeIgniter->runController(Object(App\Controllers\Dashboard))
#6 D:\Program Files\xampp\htdocs\mainEChannel\system\CodeIgniter.php(326): CodeIgniter\CodeIgniter->handleRequest(NULL, Object(Config\Cache), false)
#7 D:\Program Files\xampp\htdocs\mainEChannel\public\index.php(37): CodeIgniter\CodeIgniter->run()
#8 {main}
CRITICAL - 2022-06-02 01:58:12 --> Call to undefined function set_value()
#0 D:\Program Files\xampp\htdocs\mainEChannel\system\View\View.php(210): include()
#1 D:\Program Files\xampp\htdocs\mainEChannel\system\View\View.php(213): CodeIgniter\View\View->CodeIgniter\View\{closure}()
#2 D:\Program Files\xampp\htdocs\mainEChannel\system\Common.php(1089): CodeIgniter\View\View->render('Practitoner/pra...', Array, true)
#3 D:\Program Files\xampp\htdocs\mainEChannel\app\Controllers\Dashboard.php(11): view('Practitoner/pra...')
#4 D:\Program Files\xampp\htdocs\mainEChannel\system\CodeIgniter.php(832): App\Controllers\Dashboard->prac()
#5 D:\Program Files\xampp\htdocs\mainEChannel\system\CodeIgniter.php(419): CodeIgniter\CodeIgniter->runController(Object(App\Controllers\Dashboard))
#6 D:\Program Files\xampp\htdocs\mainEChannel\system\CodeIgniter.php(326): CodeIgniter\CodeIgniter->handleRequest(NULL, Object(Config\Cache), false)
#7 D:\Program Files\xampp\htdocs\mainEChannel\public\index.php(37): CodeIgniter\CodeIgniter->run()
#8 {main}
CRITICAL - 2022-06-02 01:58:21 --> Call to undefined function set_value()
#0 D:\Program Files\xampp\htdocs\mainEChannel\system\View\View.php(210): include()
#1 D:\Program Files\xampp\htdocs\mainEChannel\system\View\View.php(213): CodeIgniter\View\View->CodeIgniter\View\{closure}()
#2 D:\Program Files\xampp\htdocs\mainEChannel\system\Common.php(1089): CodeIgniter\View\View->render('Practitoner/pra...', Array, true)
#3 D:\Program Files\xampp\htdocs\mainEChannel\app\Controllers\Dashboard.php(11): view('Practitoner/pra...')
#4 D:\Program Files\xampp\htdocs\mainEChannel\system\CodeIgniter.php(832): App\Controllers\Dashboard->prac()
#5 D:\Program Files\xampp\htdocs\mainEChannel\system\CodeIgniter.php(419): CodeIgniter\CodeIgniter->runController(Object(App\Controllers\Dashboard))
#6 D:\Program Files\xampp\htdocs\mainEChannel\system\CodeIgniter.php(326): CodeIgniter\CodeIgniter->handleRequest(NULL, Object(Config\Cache), false)
#7 D:\Program Files\xampp\htdocs\mainEChannel\public\index.php(37): CodeIgniter\CodeIgniter->run()
#8 {main}
CRITICAL - 2022-06-02 01:59:55 --> Call to undefined function set_value()
#0 D:\Program Files\xampp\htdocs\mainEChannel\system\View\View.php(210): include()
#1 D:\Program Files\xampp\htdocs\mainEChannel\system\View\View.php(213): CodeIgniter\View\View->CodeIgniter\View\{closure}()
#2 D:\Program Files\xampp\htdocs\mainEChannel\system\Common.php(1089): CodeIgniter\View\View->render('Practitoner/pra...', Array, true)
#3 D:\Program Files\xampp\htdocs\mainEChannel\app\Controllers\Dashboard.php(11): view('Practitoner/pra...')
#4 D:\Program Files\xampp\htdocs\mainEChannel\system\CodeIgniter.php(832): App\Controllers\Dashboard->prac()
#5 D:\Program Files\xampp\htdocs\mainEChannel\system\CodeIgniter.php(419): CodeIgniter\CodeIgniter->runController(Object(App\Controllers\Dashboard))
#6 D:\Program Files\xampp\htdocs\mainEChannel\system\CodeIgniter.php(326): CodeIgniter\CodeIgniter->handleRequest(NULL, Object(Config\Cache), false)
#7 D:\Program Files\xampp\htdocs\mainEChannel\public\index.php(37): CodeIgniter\CodeIgniter->run()
#8 {main}
