ERROR - 2022-04-11 02:21:26 --> Unknown table 'channeldocmain.user'
ERROR - 2022-04-11 02:22:32 --> Unknown table 'channeldocmain.user'
ERROR - 2022-04-11 02:33:01 --> Table 'channeldocmain.patient' doesn't exist
CRITICAL - 2022-04-11 02:33:01 --> Table 'channeldocmain.patient' doesn't exist
#0 D:\Program Files\xampp\htdocs\channelDoc-main\system\Database\MySQLi\Connection.php(292): mysqli->query('INSERT INTO `Pa...', 0)
#1 D:\Program Files\xampp\htdocs\channelDoc-main\system\Database\BaseConnection.php(670): CodeIgniter\Database\MySQLi\Connection->execute('INSERT INTO `Pa...')
#2 D:\Program Files\xampp\htdocs\channelDoc-main\system\Database\BaseConnection.php(598): CodeIgniter\Database\BaseConnection->simpleQuery('INSERT INTO `Pa...')
#3 D:\Program Files\xampp\htdocs\channelDoc-main\system\Database\BaseBuilder.php(1771): CodeIgniter\Database\BaseConnection->query('INSERT INTO `Pa...', Array, false)
#4 D:\Program Files\xampp\htdocs\channelDoc-main\system\Model.php(239): CodeIgniter\Database\BaseBuilder->insert()
#5 D:\Program Files\xampp\htdocs\channelDoc-main\system\BaseModel.php(738): CodeIgniter\Model->doInsert(Array)
#6 D:\Program Files\xampp\htdocs\channelDoc-main\system\Model.php(625): CodeIgniter\BaseModel->insert(Array, true)
#7 D:\Program Files\xampp\htdocs\channelDoc-main\app\Controllers\Register.php(56): CodeIgniter\Model->insert(Object(App\Entities\User))
#8 D:\Program Files\xampp\htdocs\channelDoc-main\system\CodeIgniter.php(832): App\Controllers\Register->create()
#9 D:\Program Files\xampp\htdocs\channelDoc-main\system\CodeIgniter.php(419): CodeIgniter\CodeIgniter->runController(Object(App\Controllers\Register))
#10 D:\Program Files\xampp\htdocs\channelDoc-main\system\CodeIgniter.php(326): CodeIgniter\CodeIgniter->handleRequest(NULL, Object(Config\Cache), false)
#11 D:\Program Files\xampp\htdocs\channelDoc-main\public\index.php(37): CodeIgniter\CodeIgniter->run()
#12 {main}
ERROR - 2022-04-11 02:38:49 --> Table 'channeldocmain.patient' doesn't exist
CRITICAL - 2022-04-11 02:38:49 --> Table 'channeldocmain.patient' doesn't exist
#0 D:\Program Files\xampp\htdocs\channelDoc-main\system\Database\MySQLi\Connection.php(292): mysqli->query('INSERT INTO `Pa...', 0)
#1 D:\Program Files\xampp\htdocs\channelDoc-main\system\Database\BaseConnection.php(670): CodeIgniter\Database\MySQLi\Connection->execute('INSERT INTO `Pa...')
#2 D:\Program Files\xampp\htdocs\channelDoc-main\system\Database\BaseConnection.php(598): CodeIgniter\Database\BaseConnection->simpleQuery('INSERT INTO `Pa...')
#3 D:\Program Files\xampp\htdocs\channelDoc-main\system\Database\BaseBuilder.php(1771): CodeIgniter\Database\BaseConnection->query('INSERT INTO `Pa...', Array, false)
#4 D:\Program Files\xampp\htdocs\channelDoc-main\system\Model.php(239): CodeIgniter\Database\BaseBuilder->insert()
#5 D:\Program Files\xampp\htdocs\channelDoc-main\system\BaseModel.php(738): CodeIgniter\Model->doInsert(Array)
#6 D:\Program Files\xampp\htdocs\channelDoc-main\system\Model.php(625): CodeIgniter\BaseModel->insert(Array, true)
#7 D:\Program Files\xampp\htdocs\channelDoc-main\app\Controllers\Register.php(28): CodeIgniter\Model->insert(Object(App\Entities\User))
#8 D:\Program Files\xampp\htdocs\channelDoc-main\system\CodeIgniter.php(832): App\Controllers\Register->create()
#9 D:\Program Files\xampp\htdocs\channelDoc-main\system\CodeIgniter.php(419): CodeIgniter\CodeIgniter->runController(Object(App\Controllers\Register))
#10 D:\Program Files\xampp\htdocs\channelDoc-main\system\CodeIgniter.php(326): CodeIgniter\CodeIgniter->handleRequest(NULL, Object(Config\Cache), false)
#11 D:\Program Files\xampp\htdocs\channelDoc-main\public\index.php(37): CodeIgniter\CodeIgniter->run()
#12 {main}
ERROR - 2022-04-11 02:39:05 --> Table 'channeldocmain.patient' doesn't exist
CRITICAL - 2022-04-11 02:39:05 --> Table 'channeldocmain.patient' doesn't exist
#0 D:\Program Files\xampp\htdocs\channelDoc-main\system\Database\MySQLi\Connection.php(292): mysqli->query('INSERT INTO `Pa...', 0)
#1 D:\Program Files\xampp\htdocs\channelDoc-main\system\Database\BaseConnection.php(670): CodeIgniter\Database\MySQLi\Connection->execute('INSERT INTO `Pa...')
#2 D:\Program Files\xampp\htdocs\channelDoc-main\system\Database\BaseConnection.php(598): CodeIgniter\Database\BaseConnection->simpleQuery('INSERT INTO `Pa...')
#3 D:\Program Files\xampp\htdocs\channelDoc-main\system\Database\BaseBuilder.php(1771): CodeIgniter\Database\BaseConnection->query('INSERT INTO `Pa...', Array, false)
#4 D:\Program Files\xampp\htdocs\channelDoc-main\system\Model.php(239): CodeIgniter\Database\BaseBuilder->insert()
#5 D:\Program Files\xampp\htdocs\channelDoc-main\system\BaseModel.php(738): CodeIgniter\Model->doInsert(Array)
#6 D:\Program Files\xampp\htdocs\channelDoc-main\system\Model.php(625): CodeIgniter\BaseModel->insert(Array, true)
#7 D:\Program Files\xampp\htdocs\channelDoc-main\app\Controllers\Register.php(28): CodeIgniter\Model->insert(Object(App\Entities\User))
#8 D:\Program Files\xampp\htdocs\channelDoc-main\system\CodeIgniter.php(832): App\Controllers\Register->create()
#9 D:\Program Files\xampp\htdocs\channelDoc-main\system\CodeIgniter.php(419): CodeIgniter\CodeIgniter->runController(Object(App\Controllers\Register))
#10 D:\Program Files\xampp\htdocs\channelDoc-main\system\CodeIgniter.php(326): CodeIgniter\CodeIgniter->handleRequest(NULL, Object(Config\Cache), false)
#11 D:\Program Files\xampp\htdocs\channelDoc-main\public\index.php(37): CodeIgniter\CodeIgniter->run()
#12 {main}
ERROR - 2022-04-11 02:47:22 --> Duplicate entry '1' for key 'PRIMARY'
CRITICAL - 2022-04-11 12:46:38 --> Undefined constant "App\Controllers\type"
#0 D:\Program Files\xampp\htdocs\channelDoc-main\system\CodeIgniter.php(832): App\Controllers\Login->create()
#1 D:\Program Files\xampp\htdocs\channelDoc-main\system\CodeIgniter.php(419): CodeIgniter\CodeIgniter->runController(Object(App\Controllers\Login))
#2 D:\Program Files\xampp\htdocs\channelDoc-main\system\CodeIgniter.php(326): CodeIgniter\CodeIgniter->handleRequest(NULL, Object(Config\Cache), false)
#3 D:\Program Files\xampp\htdocs\channelDoc-main\public\index.php(37): CodeIgniter\CodeIgniter->run()
#4 {main}
CRITICAL - 2022-04-11 12:56:11 --> Undefined array key "Type of User"
#0 D:\Program Files\xampp\htdocs\channelDoc-main\app\Views\Home.php(19): CodeIgniter\Debug\Exceptions->errorHandler(2, 'Undefined array...', 'D:\\Program File...', 19)
#1 D:\Program Files\xampp\htdocs\channelDoc-main\system\View\View.php(210): include('D:\\Program File...')
#2 D:\Program Files\xampp\htdocs\channelDoc-main\system\View\View.php(213): CodeIgniter\View\View->CodeIgniter\View\{closure}()
#3 D:\Program Files\xampp\htdocs\channelDoc-main\system\Common.php(1089): CodeIgniter\View\View->render('Home', Array, true)
#4 D:\Program Files\xampp\htdocs\channelDoc-main\app\Controllers\Login.php(44): view('Home')
#5 D:\Program Files\xampp\htdocs\channelDoc-main\system\CodeIgniter.php(832): App\Controllers\Login->create()
#6 D:\Program Files\xampp\htdocs\channelDoc-main\system\CodeIgniter.php(419): CodeIgniter\CodeIgniter->runController(Object(App\Controllers\Login))
#7 D:\Program Files\xampp\htdocs\channelDoc-main\system\CodeIgniter.php(326): CodeIgniter\CodeIgniter->handleRequest(NULL, Object(Config\Cache), false)
#8 D:\Program Files\xampp\htdocs\channelDoc-main\public\index.php(37): CodeIgniter\CodeIgniter->run()
#9 {main}
ERROR - 2022-04-11 13:14:27 --> Table 'channeldocmain.registrations' doesn't exist
CRITICAL - 2022-04-11 13:14:27 --> Table 'channeldocmain.registrations' doesn't exist
#0 D:\Program Files\xampp\htdocs\channelDoc-main\system\Database\MySQLi\Connection.php(292): mysqli->query('SELECT * FROM r...', 0)
#1 D:\Program Files\xampp\htdocs\channelDoc-main\system\Database\BaseConnection.php(670): CodeIgniter\Database\MySQLi\Connection->execute('SELECT * FROM r...')
#2 D:\Program Files\xampp\htdocs\channelDoc-main\system\Database\BaseConnection.php(598): CodeIgniter\Database\BaseConnection->simpleQuery('SELECT * FROM r...')
#3 D:\Program Files\xampp\htdocs\channelDoc-main\system\Model.php(726): CodeIgniter\Database\BaseConnection->query('SELECT * FROM r...')
#4 D:\Program Files\xampp\htdocs\channelDoc-main\app\Views\Admin\admin_dashboard.php(139): CodeIgniter\Model->__call('query', Array)
#5 D:\Program Files\xampp\htdocs\channelDoc-main\system\View\View.php(210): include('D:\\Program File...')
#6 D:\Program Files\xampp\htdocs\channelDoc-main\system\View\View.php(213): CodeIgniter\View\View->CodeIgniter\View\{closure}()
#7 D:\Program Files\xampp\htdocs\channelDoc-main\system\Common.php(1089): CodeIgniter\View\View->render('Admin/admin_das...', Array, true)
#8 D:\Program Files\xampp\htdocs\channelDoc-main\app\Controllers\Dashboard.php(19): view('Admin/admin_das...')
#9 D:\Program Files\xampp\htdocs\channelDoc-main\system\CodeIgniter.php(832): App\Controllers\Dashboard->admin()
#10 D:\Program Files\xampp\htdocs\channelDoc-main\system\CodeIgniter.php(419): CodeIgniter\CodeIgniter->runController(Object(App\Controllers\Dashboard))
#11 D:\Program Files\xampp\htdocs\channelDoc-main\system\CodeIgniter.php(326): CodeIgniter\CodeIgniter->handleRequest(NULL, Object(Config\Cache), false)
#12 D:\Program Files\xampp\htdocs\channelDoc-main\public\index.php(37): CodeIgniter\CodeIgniter->run()
#13 {main}
CRITICAL - 2022-04-11 13:15:49 --> Invalid file: admin_dashboard.php
#0 D:\Program Files\xampp\htdocs\channelDoc-main\system\View\View.php(198): CodeIgniter\Exceptions\FrameworkException::forInvalidFile('admin_dashboard...')
#1 D:\Program Files\xampp\htdocs\channelDoc-main\system\Common.php(1089): CodeIgniter\View\View->render('admin_dashboard', Array, true)
#2 D:\Program Files\xampp\htdocs\channelDoc-main\app\Controllers\Admin.php(9): view('admin_dashboard')
#3 D:\Program Files\xampp\htdocs\channelDoc-main\system\CodeIgniter.php(832): App\Controllers\Admin->index()
#4 D:\Program Files\xampp\htdocs\channelDoc-main\system\CodeIgniter.php(419): CodeIgniter\CodeIgniter->runController(Object(App\Controllers\Admin))
#5 D:\Program Files\xampp\htdocs\channelDoc-main\system\CodeIgniter.php(326): CodeIgniter\CodeIgniter->handleRequest(NULL, Object(Config\Cache), false)
#6 D:\Program Files\xampp\htdocs\channelDoc-main\public\index.php(37): CodeIgniter\CodeIgniter->run()
#7 {main}
ERROR - 2022-04-11 13:16:30 --> Table 'channeldocmain.registrations' doesn't exist
CRITICAL - 2022-04-11 13:16:30 --> Table 'channeldocmain.registrations' doesn't exist
#0 D:\Program Files\xampp\htdocs\channelDoc-main\system\Database\MySQLi\Connection.php(292): mysqli->query('SELECT * FROM r...', 0)
#1 D:\Program Files\xampp\htdocs\channelDoc-main\system\Database\BaseConnection.php(670): CodeIgniter\Database\MySQLi\Connection->execute('SELECT * FROM r...')
#2 D:\Program Files\xampp\htdocs\channelDoc-main\system\Database\BaseConnection.php(598): CodeIgniter\Database\BaseConnection->simpleQuery('SELECT * FROM r...')
#3 D:\Program Files\xampp\htdocs\channelDoc-main\system\Model.php(726): CodeIgniter\Database\BaseConnection->query('SELECT * FROM r...')
#4 D:\Program Files\xampp\htdocs\channelDoc-main\app\Views\Admin\admin_dashboard.php(139): CodeIgniter\Model->__call('query', Array)
#5 D:\Program Files\xampp\htdocs\channelDoc-main\system\View\View.php(210): include('D:\\Program File...')
#6 D:\Program Files\xampp\htdocs\channelDoc-main\system\View\View.php(213): CodeIgniter\View\View->CodeIgniter\View\{closure}()
#7 D:\Program Files\xampp\htdocs\channelDoc-main\system\Common.php(1089): CodeIgniter\View\View->render('Admin/admin_das...', Array, true)
#8 D:\Program Files\xampp\htdocs\channelDoc-main\app\Controllers\Admin.php(9): view('Admin/admin_das...')
#9 D:\Program Files\xampp\htdocs\channelDoc-main\system\CodeIgniter.php(832): App\Controllers\Admin->index()
#10 D:\Program Files\xampp\htdocs\channelDoc-main\system\CodeIgniter.php(419): CodeIgniter\CodeIgniter->runController(Object(App\Controllers\Admin))
#11 D:\Program Files\xampp\htdocs\channelDoc-main\system\CodeIgniter.php(326): CodeIgniter\CodeIgniter->handleRequest(NULL, Object(Config\Cache), false)
#12 D:\Program Files\xampp\htdocs\channelDoc-main\public\index.php(37): CodeIgniter\CodeIgniter->run()
#13 {main}
ERROR - 2022-04-11 13:21:59 --> Table 'channeldocmain.registrations' doesn't exist
CRITICAL - 2022-04-11 13:21:59 --> Table 'channeldocmain.registrations' doesn't exist
#0 D:\Program Files\xampp\htdocs\channelDoc-main\system\Database\MySQLi\Connection.php(292): mysqli->query('SELECT * FROM r...', 0)
#1 D:\Program Files\xampp\htdocs\channelDoc-main\system\Database\BaseConnection.php(670): CodeIgniter\Database\MySQLi\Connection->execute('SELECT * FROM r...')
#2 D:\Program Files\xampp\htdocs\channelDoc-main\system\Database\BaseConnection.php(598): CodeIgniter\Database\BaseConnection->simpleQuery('SELECT * FROM r...')
#3 D:\Program Files\xampp\htdocs\channelDoc-main\system\Model.php(726): CodeIgniter\Database\BaseConnection->query('SELECT * FROM r...')
#4 D:\Program Files\xampp\htdocs\channelDoc-main\app\Views\Admin\admin_dashboard.php(139): CodeIgniter\Model->__call('query', Array)
#5 D:\Program Files\xampp\htdocs\channelDoc-main\system\View\View.php(210): include('D:\\Program File...')
#6 D:\Program Files\xampp\htdocs\channelDoc-main\system\View\View.php(213): CodeIgniter\View\View->CodeIgniter\View\{closure}()
#7 D:\Program Files\xampp\htdocs\channelDoc-main\system\Common.php(1089): CodeIgniter\View\View->render('Admin/admin_das...', Array, true)
#8 D:\Program Files\xampp\htdocs\channelDoc-main\app\Controllers\Admin.php(9): view('Admin/admin_das...')
#9 D:\Program Files\xampp\htdocs\channelDoc-main\system\CodeIgniter.php(832): App\Controllers\Admin->index()
#10 D:\Program Files\xampp\htdocs\channelDoc-main\system\CodeIgniter.php(419): CodeIgniter\CodeIgniter->runController(Object(App\Controllers\Admin))
#11 D:\Program Files\xampp\htdocs\channelDoc-main\system\CodeIgniter.php(326): CodeIgniter\CodeIgniter->handleRequest(NULL, Object(Config\Cache), false)
#12 D:\Program Files\xampp\htdocs\channelDoc-main\public\index.php(37): CodeIgniter\CodeIgniter->run()
#13 {main}
ERROR - 2022-04-11 13:22:10 --> Table 'channeldocmain.registrations' doesn't exist
CRITICAL - 2022-04-11 13:22:10 --> Table 'channeldocmain.registrations' doesn't exist
#0 D:\Program Files\xampp\htdocs\channelDoc-main\system\Database\MySQLi\Connection.php(292): mysqli->query('SELECT * FROM r...', 0)
#1 D:\Program Files\xampp\htdocs\channelDoc-main\system\Database\BaseConnection.php(670): CodeIgniter\Database\MySQLi\Connection->execute('SELECT * FROM r...')
#2 D:\Program Files\xampp\htdocs\channelDoc-main\system\Database\BaseConnection.php(598): CodeIgniter\Database\BaseConnection->simpleQuery('SELECT * FROM r...')
#3 D:\Program Files\xampp\htdocs\channelDoc-main\system\Model.php(726): CodeIgniter\Database\BaseConnection->query('SELECT * FROM r...')
#4 D:\Program Files\xampp\htdocs\channelDoc-main\app\Views\Admin\admin_dashboard.php(139): CodeIgniter\Model->__call('query', Array)
#5 D:\Program Files\xampp\htdocs\channelDoc-main\system\View\View.php(210): include('D:\\Program File...')
#6 D:\Program Files\xampp\htdocs\channelDoc-main\system\View\View.php(213): CodeIgniter\View\View->CodeIgniter\View\{closure}()
#7 D:\Program Files\xampp\htdocs\channelDoc-main\system\Common.php(1089): CodeIgniter\View\View->render('Admin/admin_das...', Array, true)
#8 D:\Program Files\xampp\htdocs\channelDoc-main\app\Controllers\Admin.php(9): view('Admin/admin_das...')
#9 D:\Program Files\xampp\htdocs\channelDoc-main\system\CodeIgniter.php(832): App\Controllers\Admin->index()
#10 D:\Program Files\xampp\htdocs\channelDoc-main\system\CodeIgniter.php(419): CodeIgniter\CodeIgniter->runController(Object(App\Controllers\Admin))
#11 D:\Program Files\xampp\htdocs\channelDoc-main\system\CodeIgniter.php(326): CodeIgniter\CodeIgniter->handleRequest(NULL, Object(Config\Cache), false)
#12 D:\Program Files\xampp\htdocs\channelDoc-main\public\index.php(37): CodeIgniter\CodeIgniter->run()
#13 {main}
