ERROR - 2022-04-04 01:08:06 --> You have an error in your SQL syntax; check the manual that corresponds to your MariaDB server version for the right syntax to use near 'NOT NULL,
	CONSTRAINT `pk_Practitioner` PRIMARY KEY(`id`)
) DEFAULT CHARACTER...' at line 12
ERROR - 2022-04-04 01:30:34 --> You have an error in your SQL syntax; check the manual that corresponds to your MariaDB server version for the right syntax to use near 'NOT NULL,
	CONSTRAINT `pk_Practitioner` PRIMARY KEY(`id`)
) DEFAULT CHARACTER...' at line 11
ERROR - 2022-04-04 06:30:30 --> You have an error in your SQL syntax; check the manual that corresponds to your MariaDB server version for the right syntax to use near 'NOT NULL,
	CONSTRAINT `pk_Practitioner` PRIMARY KEY(`id`)
) DEFAULT CHARACTER...' at line 11
ERROR - 2022-04-04 06:31:50 --> You have an error in your SQL syntax; check the manual that corresponds to your MariaDB server version for the right syntax to use near 'NOT NULL,
	CONSTRAINT `pk_Practitioner` PRIMARY KEY(`id`)
) DEFAULT CHARACTER...' at line 11
ERROR - 2022-04-04 06:34:26 --> You have an error in your SQL syntax; check the manual that corresponds to your MariaDB server version for the right syntax to use near '(5) UNSIGNED NOT NULL AUTO_INCREMENT,
	`firstname` VARCHAR(225) NOT NULL,
	`l...' at line 2
ERROR - 2022-04-04 06:35:29 --> You have an error in your SQL syntax; check the manual that corresponds to your MariaDB server version for the right syntax to use near 'NOT NULL,
	CONSTRAINT `pk_Practitioner` PRIMARY KEY(`id`)
) DEFAULT CHARACTER...' at line 11
ERROR - 2022-04-04 06:36:14 --> You have an error in your SQL syntax; check the manual that corresponds to your MariaDB server version for the right syntax to use near 'NOT NULL,
	CONSTRAINT `pk_Practitioner` PRIMARY KEY(`id`)
) DEFAULT CHARACTER...' at line 11
ERROR - 2022-04-04 09:32:43 --> You have an error in your SQL syntax; check the manual that corresponds to your MariaDB server version for the right syntax to use near 'NOT NULL,
	CONSTRAINT `pk_Practitioner` PRIMARY KEY(`P_id`)
) DEFAULT CHARACT...' at line 11
ERROR - 2022-04-04 23:11:57 --> You have an error in your SQL syntax; check the manual that corresponds to your MariaDB server version for the right syntax to use near 'NOT NULL
) DEFAULT CHARACTER SET = utf8 COLLATE = utf8_general_ci' at line 11
